{
  error: ReferenceError: data is not defined
      at Object.<anonymous> (c:\data\conexis\knack\script update record manually\main.js:64:24)
      at Module._compile (node:internal/modules/cjs/loader:1119:14)
      at Module._extensions..js (node:internal/modules/cjs/loader:1173:10)
      at Module.load (node:internal/modules/cjs/loader:997:32)
      at Module._load (node:internal/modules/cjs/loader:838:12)
      at Function.executeUserEntryPoint [as runMain] (node:internal/modules/run_main:81:12)
      at node:internal/main/run_main_module:18:47,
  level: 'error',
  message: 'uncaughtException: data is not defined\n' +
    'ReferenceError: data is not defined\n' +
    '    at Object.<anonymous> (c:\\data\\conexis\\knack\\script update record manually\\main.js:64:24)\n' +
    '    at Module._compile (node:internal/modules/cjs/loader:1119:14)\n' +
    '    at Module._extensions..js (node:internal/modules/cjs/loader:1173:10)\n' +
    '    at Module.load (node:internal/modules/cjs/loader:997:32)\n' +
    '    at Module._load (node:internal/modules/cjs/loader:838:12)\n' +
    '    at Function.executeUserEntryPoint [as runMain] (node:internal/modules/run_main:81:12)\n' +
    '    at node:internal/main/run_main_module:18:47',
  stack: 'ReferenceError: data is not defined\n' +
    '    at Object.<anonymous> (c:\\data\\conexis\\knack\\script update record manually\\main.js:64:24)\n' +
    '    at Module._compile (node:internal/modules/cjs/loader:1119:14)\n' +
    '    at Module._extensions..js (node:internal/modules/cjs/loader:1173:10)\n' +
    '    at Module.load (node:internal/modules/cjs/loader:997:32)\n' +
    '    at Module._load (node:internal/modules/cjs/loader:838:12)\n' +
    '    at Function.executeUserEntryPoint [as runMain] (node:internal/modules/run_main:81:12)\n' +
    '    at node:internal/main/run_main_module:18:47',
  exception: true,
  date: 'Tue Sep 13 2022 09:11:18 GMT-0500 (Colombia Standard Time)',
  process: {
    pid: 8264,
    uid: null,
    gid: null,
    cwd: 'c:\\data\\conexis\\knack\\script update record manually',
    execPath: 'C:\\Program Files\\nodejs\\node.exe',
    version: 'v18.9.0',
    argv: [
      'C:\\Program Files\\nodejs\\node.exe',
      'c:\\data\\conexis\\knack\\script update record manually\\main.js'
    ],
    memoryUsage: {
      rss: 36114432,
      heapTotal: 11325440,
      heapUsed: 7655648,
      external: 420398,
      arrayBuffers: 33762
    }
  },
  os: { loadavg: [ 0, 0, 0 ], uptime: 560584 },
  trace: [
    {
      column: 24,
      file: 'c:\\data\\conexis\\knack\\script update record manually\\main.js',
      function: null,
      line: 64,
      method: null,
      native: false
    },
    {
      column: 14,
      file: 'node:internal/modules/cjs/loader',
      function: 'Module._compile',
      line: 1119,
      method: '_compile',
      native: false
    },
    {
      column: 10,
      file: 'node:internal/modules/cjs/loader',
      function: 'Module._extensions..js',
      line: 1173,
      method: '.js',
      native: false
    },
    {
      column: 32,
      file: 'node:internal/modules/cjs/loader',
      function: 'Module.load',
      line: 997,
      method: 'load',
      native: false
    },
    {
      column: 12,
      file: 'node:internal/modules/cjs/loader',
      function: 'Module._load',
      line: 838,
      method: '_load',
      native: false
    },
    {
      column: 12,
      file: 'node:internal/modules/run_main',
      function: 'Function.executeUserEntryPoint [as runMain]',
      line: 81,
      method: 'executeUserEntryPoint [as runMain]',
      native: false
    },
    {
      column: 47,
      file: 'node:internal/main/run_main_module',
      function: null,
      line: 18,
      method: null,
      native: false
    }
  ],
  timestamp: '2022-09-13T14:11:18.814Z'
}
{
  error: ReferenceError: data is not defined
      at Object.<anonymous> (c:\data\conexis\knack\script update record manually\main.js:64:24)
      at Module._compile (node:internal/modules/cjs/loader:1119:14)
      at Module._extensions..js (node:internal/modules/cjs/loader:1173:10)
      at Module.load (node:internal/modules/cjs/loader:997:32)
      at Module._load (node:internal/modules/cjs/loader:838:12)
      at Function.executeUserEntryPoint [as runMain] (node:internal/modules/run_main:81:12)
      at node:internal/main/run_main_module:18:47,
  level: 'error',
  message: 'uncaughtException: data is not defined\n' +
    'ReferenceError: data is not defined\n' +
    '    at Object.<anonymous> (c:\\data\\conexis\\knack\\script update record manually\\main.js:64:24)\n' +
    '    at Module._compile (node:internal/modules/cjs/loader:1119:14)\n' +
    '    at Module._extensions..js (node:internal/modules/cjs/loader:1173:10)\n' +
    '    at Module.load (node:internal/modules/cjs/loader:997:32)\n' +
    '    at Module._load (node:internal/modules/cjs/loader:838:12)\n' +
    '    at Function.executeUserEntryPoint [as runMain] (node:internal/modules/run_main:81:12)\n' +
    '    at node:internal/main/run_main_module:18:47',
  stack: 'ReferenceError: data is not defined\n' +
    '    at Object.<anonymous> (c:\\data\\conexis\\knack\\script update record manually\\main.js:64:24)\n' +
    '    at Module._compile (node:internal/modules/cjs/loader:1119:14)\n' +
    '    at Module._extensions..js (node:internal/modules/cjs/loader:1173:10)\n' +
    '    at Module.load (node:internal/modules/cjs/loader:997:32)\n' +
    '    at Module._load (node:internal/modules/cjs/loader:838:12)\n' +
    '    at Function.executeUserEntryPoint [as runMain] (node:internal/modules/run_main:81:12)\n' +
    '    at node:internal/main/run_main_module:18:47',
  exception: true,
  date: 'Tue Sep 13 2022 09:11:31 GMT-0500 (Colombia Standard Time)',
  process: {
    pid: 8216,
    uid: null,
    gid: null,
    cwd: 'c:\\data\\conexis\\knack\\script update record manually',
    execPath: 'C:\\Program Files\\nodejs\\node.exe',
    version: 'v18.9.0',
    argv: [
      'C:\\Program Files\\nodejs\\node.exe',
      'c:\\data\\conexis\\knack\\script update record manually\\main.js'
    ],
    memoryUsage: {
      rss: 36102144,
      heapTotal: 11325440,
      heapUsed: 7650144,
      external: 426220,
      arrayBuffers: 39584
    }
  },
  os: { loadavg: [ 0, 0, 0 ], uptime: 560596 },
  trace: [
    {
      column: 24,
      file: 'c:\\data\\conexis\\knack\\script update record manually\\main.js',
      function: null,
      line: 64,
      method: null,
      native: false
    },
    {
      column: 14,
      file: 'node:internal/modules/cjs/loader',
      function: 'Module._compile',
      line: 1119,
      method: '_compile',
      native: false
    },
    {
      column: 10,
      file: 'node:internal/modules/cjs/loader',
      function: 'Module._extensions..js',
      line: 1173,
      method: '.js',
      native: false
    },
    {
      column: 32,
      file: 'node:internal/modules/cjs/loader',
      function: 'Module.load',
      line: 997,
      method: 'load',
      native: false
    },
    {
      column: 12,
      file: 'node:internal/modules/cjs/loader',
      function: 'Module._load',
      line: 838,
      method: '_load',
      native: false
    },
    {
      column: 12,
      file: 'node:internal/modules/run_main',
      function: 'Function.executeUserEntryPoint [as runMain]',
      line: 81,
      method: 'executeUserEntryPoint [as runMain]',
      native: false
    },
    {
      column: 47,
      file: 'node:internal/main/run_main_module',
      function: null,
      line: 18,
      method: null,
      native: false
    }
  ],
  timestamp: '2022-09-13T14:11:31.088Z'
}
{
  error: ReferenceError: asas is not defined
      at Object.<anonymous> (c:\data\conexis\knack\script update record manually\main.js:50:6)
      at Module._compile (node:internal/modules/cjs/loader:1119:14)
      at Module._extensions..js (node:internal/modules/cjs/loader:1173:10)
      at Module.load (node:internal/modules/cjs/loader:997:32)
      at Module._load (node:internal/modules/cjs/loader:838:12)
      at Function.executeUserEntryPoint [as runMain] (node:internal/modules/run_main:81:12)
      at node:internal/main/run_main_module:18:47,
  level: 'error',
  message: 'uncaughtException: asas is not defined\n' +
    'ReferenceError: asas is not defined\n' +
    '    at Object.<anonymous> (c:\\data\\conexis\\knack\\script update record manually\\main.js:50:6)\n' +
    '    at Module._compile (node:internal/modules/cjs/loader:1119:14)\n' +
    '    at Module._extensions..js (node:internal/modules/cjs/loader:1173:10)\n' +
    '    at Module.load (node:internal/modules/cjs/loader:997:32)\n' +
    '    at Module._load (node:internal/modules/cjs/loader:838:12)\n' +
    '    at Function.executeUserEntryPoint [as runMain] (node:internal/modules/run_main:81:12)\n' +
    '    at node:internal/main/run_main_module:18:47',
  stack: 'ReferenceError: asas is not defined\n' +
    '    at Object.<anonymous> (c:\\data\\conexis\\knack\\script update record manually\\main.js:50:6)\n' +
    '    at Module._compile (node:internal/modules/cjs/loader:1119:14)\n' +
    '    at Module._extensions..js (node:internal/modules/cjs/loader:1173:10)\n' +
    '    at Module.load (node:internal/modules/cjs/loader:997:32)\n' +
    '    at Module._load (node:internal/modules/cjs/loader:838:12)\n' +
    '    at Function.executeUserEntryPoint [as runMain] (node:internal/modules/run_main:81:12)\n' +
    '    at node:internal/main/run_main_module:18:47',
  exception: true,
  date: 'Tue Sep 13 2022 11:23:19 GMT-0500 (Colombia Standard Time)',
  process: {
    pid: 14096,
    uid: null,
    gid: null,
    cwd: 'c:\\data\\conexis\\knack\\script update record manually',
    execPath: 'C:\\Program Files\\nodejs\\node.exe',
    version: 'v18.9.0',
    argv: [
      'C:\\Program Files\\nodejs\\node.exe',
      'c:\\data\\conexis\\knack\\script update record manually\\main.js'
    ],
    memoryUsage: {
      rss: 43175936,
      heapTotal: 14159872,
      heapUsed: 10415792,
      external: 829381,
      arrayBuffers: 39612
    }
  },
  os: { loadavg: [ 0, 0, 0 ], uptime: 568505 },
  trace: [
    {
      column: 6,
      file: 'c:\\data\\conexis\\knack\\script update record manually\\main.js',
      function: null,
      line: 50,
      method: null,
      native: false
    },
    {
      column: 14,
      file: 'node:internal/modules/cjs/loader',
      function: 'Module._compile',
      line: 1119,
      method: '_compile',
      native: false
    },
    {
      column: 10,
      file: 'node:internal/modules/cjs/loader',
      function: 'Module._extensions..js',
      line: 1173,
      method: '.js',
      native: false
    },
    {
      column: 32,
      file: 'node:internal/modules/cjs/loader',
      function: 'Module.load',
      line: 997,
      method: 'load',
      native: false
    },
    {
      column: 12,
      file: 'node:internal/modules/cjs/loader',
      function: 'Module._load',
      line: 838,
      method: '_load',
      native: false
    },
    {
      column: 12,
      file: 'node:internal/modules/run_main',
      function: 'Function.executeUserEntryPoint [as runMain]',
      line: 81,
      method: 'executeUserEntryPoint [as runMain]',
      native: false
    },
    {
      column: 47,
      file: 'node:internal/main/run_main_module',
      function: null,
      line: 18,
      method: null,
      native: false
    }
  ],
  timestamp: '2022-09-13T16:23:19.739Z'
}
{
  error: ReferenceError: asas is not defined
      at Object.<anonymous> (c:\data\conexis\knack\script update record manually\main.js:50:6)
      at Module._compile (node:internal/modules/cjs/loader:1119:14)
      at Module._extensions..js (node:internal/modules/cjs/loader:1173:10)
      at Module.load (node:internal/modules/cjs/loader:997:32)
      at Module._load (node:internal/modules/cjs/loader:838:12)
      at Function.executeUserEntryPoint [as runMain] (node:internal/modules/run_main:81:12)
      at node:internal/main/run_main_module:18:47,
  level: 'error',
  message: 'uncaughtException: asas is not defined\n' +
    'ReferenceError: asas is not defined\n' +
    '    at Object.<anonymous> (c:\\data\\conexis\\knack\\script update record manually\\main.js:50:6)\n' +
    '    at Module._compile (node:internal/modules/cjs/loader:1119:14)\n' +
    '    at Module._extensions..js (node:internal/modules/cjs/loader:1173:10)\n' +
    '    at Module.load (node:internal/modules/cjs/loader:997:32)\n' +
    '    at Module._load (node:internal/modules/cjs/loader:838:12)\n' +
    '    at Function.executeUserEntryPoint [as runMain] (node:internal/modules/run_main:81:12)\n' +
    '    at node:internal/main/run_main_module:18:47',
  stack: 'ReferenceError: asas is not defined\n' +
    '    at Object.<anonymous> (c:\\data\\conexis\\knack\\script update record manually\\main.js:50:6)\n' +
    '    at Module._compile (node:internal/modules/cjs/loader:1119:14)\n' +
    '    at Module._extensions..js (node:internal/modules/cjs/loader:1173:10)\n' +
    '    at Module.load (node:internal/modules/cjs/loader:997:32)\n' +
    '    at Module._load (node:internal/modules/cjs/loader:838:12)\n' +
    '    at Function.executeUserEntryPoint [as runMain] (node:internal/modules/run_main:81:12)\n' +
    '    at node:internal/main/run_main_module:18:47',
  exception: true,
  date: 'Tue Sep 13 2022 11:23:47 GMT-0500 (Colombia Standard Time)',
  process: {
    pid: 19972,
    uid: null,
    gid: null,
    cwd: 'c:\\data\\conexis\\knack\\script update record manually',
    execPath: 'C:\\Program Files\\nodejs\\node.exe',
    version: 'v18.9.0',
    argv: [
      'C:\\Program Files\\nodejs\\node.exe',
      'c:\\data\\conexis\\knack\\script update record manually\\main.js'
    ],
    memoryUsage: {
      rss: 43155456,
      heapTotal: 14159872,
      heapUsed: 10252608,
      external: 829381,
      arrayBuffers: 39612
    }
  },
  os: { loadavg: [ 0, 0, 0 ], uptime: 568532 },
  trace: [
    {
      column: 6,
      file: 'c:\\data\\conexis\\knack\\script update record manually\\main.js',
      function: null,
      line: 50,
      method: null,
      native: false
    },
    {
      column: 14,
      file: 'node:internal/modules/cjs/loader',
      function: 'Module._compile',
      line: 1119,
      method: '_compile',
      native: false
    },
    {
      column: 10,
      file: 'node:internal/modules/cjs/loader',
      function: 'Module._extensions..js',
      line: 1173,
      method: '.js',
      native: false
    },
    {
      column: 32,
      file: 'node:internal/modules/cjs/loader',
      function: 'Module.load',
      line: 997,
      method: 'load',
      native: false
    },
    {
      column: 12,
      file: 'node:internal/modules/cjs/loader',
      function: 'Module._load',
      line: 838,
      method: '_load',
      native: false
    },
    {
      column: 12,
      file: 'node:internal/modules/run_main',
      function: 'Function.executeUserEntryPoint [as runMain]',
      line: 81,
      method: 'executeUserEntryPoint [as runMain]',
      native: false
    },
    {
      column: 47,
      file: 'node:internal/main/run_main_module',
      function: null,
      line: 18,
      method: null,
      native: false
    }
  ],
  timestamp: '2022-09-13T16:23:47.198Z'
}
